<?xml version="1.0" encoding="UTF-8"?>
<!-- Generated by org.testng.reporters.JUnitXMLReporter -->
<testsuite ignored="3" hostname="DESKTOP-6P64TEG" failures="0" tests="1" name="Default test" time="70.476" errors="0" timestamp="2024-10-01T17:55:32 IST">
  <testcase classname="com.VTiger.crm.orgtest.OrganisationTest" name="createOrgTest" time="43.125"/>
  <testcase classname="com.VTiger.crm.orgtest.OrganisationTest" name="DeleteOrgTest" time="0.0">
    <ignored/>
  </testcase> <!-- DeleteOrgTest -->
  <testcase classname="com.VTiger.crm.orgtest.OrganisationTest" name="createOrgWithIndusTest" time="0.0">
    <ignored/>
  </testcase> <!-- createOrgWithIndusTest -->
  <testcase classname="com.VTiger.crm.orgtest.OrganisationTest" name="createOrgPhoneNoTest" time="0.0">
    <ignored/>
  </testcase> <!-- createOrgPhoneNoTest -->
</testsuite> <!-- Default test -->
