<?xml version="1.0" encoding="UTF-8"?>
<!-- Generated by org.testng.reporters.JUnitXMLReporter -->
<testsuite ignored="2" hostname="DESKTOP-6P64TEG" failures="0" tests="1" name="Default test" time="32.082" errors="0" timestamp="2024-10-08T13:28:49 IST">
  <testcase classname="com.VTiger.crm.PurchaseOrderTest.PurchaseOrderTest" name="createPurchaseTest" time="21.901"/>
  <testcase classname="com.VTiger.crm.PurchaseOrderTest.PurchaseOrderTest" name="createPurchaseWithServiceTest" time="0.0">
    <ignored/>
  </testcase> <!-- createPurchaseWithServiceTest -->
  <testcase classname="com.VTiger.crm.PurchaseOrderTest.PurchaseOrderTest" name="createPurchaseWithContTest" time="0.0">
    <ignored/>
  </testcase> <!-- createPurchaseWithContTest -->
</testsuite> <!-- Default test -->
