<?xml version="1.0" encoding="UTF-8"?>
<testng-results ignored="0" total="1" passed="0" failed="1" skipped="0">
  <reporter-output>
  </reporter-output>
  <suite started-at="2024-10-05T13:08:24 IST" name="Default suite" finished-at="2024-10-05T13:08:36 IST" duration-ms="11617">
    <groups>
      <group name="SmokeTest">
        <method signature="ContactTest.createContTest()[pri:0, instance:com.VTiger.crm.contacttest.ContactTest@45752059]" name="createContTest" class="com.VTiger.crm.contacttest.ContactTest"/>
      </group> <!-- SmokeTest -->
    </groups>
    <test started-at="2024-10-05T13:08:24 IST" name="Default test" finished-at="2024-10-05T13:08:36 IST" duration-ms="11617">
      <class name="com.VTiger.crm.contacttest.ContactTest">
        <test-method is-config="true" signature="configAS()[pri:0, instance:com.VTiger.crm.contacttest.ContactTest@45752059]" started-at="2024-10-05T13:07:42 IST" name="configAS" finished-at="2024-10-05T13:08:24 IST" duration-ms="42212" status="PASS">
          <reporter-output>
          </reporter-output>
        </test-method> <!-- configAS -->
        <test-method is-config="true" signature="configBC()[pri:0, instance:com.VTiger.crm.contacttest.ContactTest@45752059]" started-at="2024-10-05T13:08:25 IST" name="configBC" finished-at="2024-10-05T13:08:26 IST" duration-ms="1584" status="PASS">
          <reporter-output>
          </reporter-output>
        </test-method> <!-- configBC -->
        <test-method is-config="true" signature="configAM()[pri:0, instance:com.VTiger.crm.contacttest.ContactTest@45752059]" started-at="2024-10-05T13:08:26 IST" name="configAM" finished-at="2024-10-05T13:08:29 IST" duration-ms="2754" status="PASS">
          <reporter-output>
          </reporter-output>
        </test-method> <!-- configAM -->
        <test-method signature="createContTest()[pri:0, instance:com.VTiger.crm.contacttest.ContactTest@45752059]" started-at="2024-10-05T13:08:29 IST" name="createContTest" finished-at="2024-10-05T13:08:33 IST" duration-ms="4573" status="FAIL">
          <exception class="org.openqa.selenium.InvalidSelectorException">
            <message>
              <![CDATA[invalid selector
from javascript error: {"status":32,"value":"Unable to locate an element with the xpath expression //input[@title='Save [Alt+S]' because of the following error:\nSyntaxError: Failed to execute 'evaluate' on 'Document': The string '//input[@title='Save [Alt+S]'' is not a valid XPath expression."}
  (Session info: MicrosoftEdge=129.0.2792.79)
For documentation on this error, please visit: https://www.selenium.dev/documentation/webdriver/troubleshooting/errors#invalid-selector-exception
Build info: version: '4.18.1', revision: 'b1d3319b48'
System info: os.name: 'Windows 11', os.arch: 'amd64', os.version: '10.0', java.version: '21.0.3'
Driver info: org.openqa.selenium.edge.EdgeDriver
Command: [45d4369d741c5876826bb5e1d428a695, findElement {value=//input[@title='Save [Alt+S]', using=xpath}]
Capabilities {acceptInsecureCerts: false, browserName: MicrosoftEdge, browserVersion: 129.0.2792.79, fedcm:accounts: true, ms:edgeOptions: {debuggerAddress: localhost:63678}, msedge: {msedgedriverVersion: 129.0.2792.79 (47754e458450..., userDataDir: C:\Users\User\AppData\Local...}, networkConnectionEnabled: false, pageLoadStrategy: normal, platformName: windows, proxy: Proxy(), se:cdp: ws://localhost:63678/devtoo..., se:cdpVersion: 129.0.2792.79, setWindowRect: true, strictFileInteractability: false, timeouts: {implicit: 0, pageLoad: 300000, script: 30000}, unhandledPromptBehavior: dismiss and notify, webauthn:extension:credBlob: true, webauthn:extension:largeBlob: true, webauthn:extension:minPinLength: true, webauthn:extension:prf: true, webauthn:virtualAuthenticators: true}
Session ID: 45d4369d741c5876826bb5e1d428a695]]>
            </message>
            <full-stacktrace>
              <![CDATA[org.openqa.selenium.InvalidSelectorException: invalid selector
from javascript error: {"status":32,"value":"Unable to locate an element with the xpath expression //input[@title='Save [Alt+S]' because of the following error:\nSyntaxError: Failed to execute 'evaluate' on 'Document': The string '//input[@title='Save [Alt+S]'' is not a valid XPath expression."}
  (Session info: MicrosoftEdge=129.0.2792.79)
For documentation on this error, please visit: https://www.selenium.dev/documentation/webdriver/troubleshooting/errors#invalid-selector-exception
Build info: version: '4.18.1', revision: 'b1d3319b48'
System info: os.name: 'Windows 11', os.arch: 'amd64', os.version: '10.0', java.version: '21.0.3'
Driver info: org.openqa.selenium.edge.EdgeDriver
Command: [45d4369d741c5876826bb5e1d428a695, findElement {value=//input[@title='Save [Alt+S]', using=xpath}]
Capabilities {acceptInsecureCerts: false, browserName: MicrosoftEdge, browserVersion: 129.0.2792.79, fedcm:accounts: true, ms:edgeOptions: {debuggerAddress: localhost:63678}, msedge: {msedgedriverVersion: 129.0.2792.79 (47754e458450..., userDataDir: C:\Users\User\AppData\Local...}, networkConnectionEnabled: false, pageLoadStrategy: normal, platformName: windows, proxy: Proxy(), se:cdp: ws://localhost:63678/devtoo..., se:cdpVersion: 129.0.2792.79, setWindowRect: true, strictFileInteractability: false, timeouts: {implicit: 0, pageLoad: 300000, script: 30000}, unhandledPromptBehavior: dismiss and notify, webauthn:extension:credBlob: true, webauthn:extension:largeBlob: true, webauthn:extension:minPinLength: true, webauthn:extension:prf: true, webauthn:virtualAuthenticators: true}
Session ID: 45d4369d741c5876826bb5e1d428a695
at java.base/jdk.internal.reflect.DirectConstructorHandleAccessor.newInstance(DirectConstructorHandleAccessor.java:62)
at java.base/java.lang.reflect.Constructor.newInstanceWithCaller(Constructor.java:502)
at java.base/java.lang.reflect.Constructor.newInstance(Constructor.java:486)
at org.openqa.selenium.remote.ErrorCodec.decode(ErrorCodec.java:167)
at org.openqa.selenium.remote.codec.w3c.W3CHttpResponseCodec.decode(W3CHttpResponseCodec.java:138)
at org.openqa.selenium.remote.codec.w3c.W3CHttpResponseCodec.decode(W3CHttpResponseCodec.java:50)
at org.openqa.selenium.remote.HttpCommandExecutor.execute(HttpCommandExecutor.java:190)
at org.openqa.selenium.remote.service.DriverCommandExecutor.invokeExecute(DriverCommandExecutor.java:216)
at org.openqa.selenium.remote.service.DriverCommandExecutor.execute(DriverCommandExecutor.java:174)
at org.openqa.selenium.remote.RemoteWebDriver.execute(RemoteWebDriver.java:519)
at org.openqa.selenium.remote.ElementLocation$ElementFinder$2.findElement(ElementLocation.java:165)
at org.openqa.selenium.remote.ElementLocation.findElement(ElementLocation.java:59)
at org.openqa.selenium.remote.RemoteWebDriver.findElement(RemoteWebDriver.java:356)
at org.openqa.selenium.remote.RemoteWebDriver.findElement(RemoteWebDriver.java:350)
at org.openqa.selenium.support.pagefactory.DefaultElementLocator.findElement(DefaultElementLocator.java:68)
at org.openqa.selenium.support.pagefactory.internal.LocatingElementHandler.invoke(LocatingElementHandler.java:38)
at jdk.proxy2/jdk.proxy2.$Proxy20.click(Unknown Source)
at com.VTiger.crm.objectRepositoryutility.ContactsPage.CreateNewContactPage.CreateContact(CreateNewContactPage.java:55)
at com.VTiger.crm.contacttest.ContactTest.createContTest(ContactTest.java:30)
at java.base/jdk.internal.reflect.DirectMethodHandleAccessor.invoke(DirectMethodHandleAccessor.java:103)
at java.base/java.lang.reflect.Method.invoke(Method.java:580)
at org.testng.internal.invokers.MethodInvocationHelper.invokeMethod(MethodInvocationHelper.java:139)
at org.testng.internal.invokers.TestInvoker.invokeMethod(TestInvoker.java:664)
at org.testng.internal.invokers.TestInvoker.invokeTestMethod(TestInvoker.java:228)
at org.testng.internal.invokers.MethodRunner.runInSequence(MethodRunner.java:63)
at org.testng.internal.invokers.TestInvoker$MethodInvocationAgent.invoke(TestInvoker.java:961)
at org.testng.internal.invokers.TestInvoker.invokeTestMethods(TestInvoker.java:201)
at org.testng.internal.invokers.TestMethodWorker.invokeTestMethods(TestMethodWorker.java:148)
at org.testng.internal.invokers.TestMethodWorker.run(TestMethodWorker.java:128)
at java.base/java.util.ArrayList.forEach(ArrayList.java:1596)
at org.testng.TestRunner.privateRun(TestRunner.java:819)
at org.testng.TestRunner.run(TestRunner.java:619)
at org.testng.SuiteRunner.runTest(SuiteRunner.java:443)
at org.testng.SuiteRunner.runSequentially(SuiteRunner.java:437)
at org.testng.SuiteRunner.privateRun(SuiteRunner.java:397)
at org.testng.SuiteRunner.run(SuiteRunner.java:336)
at org.testng.SuiteRunnerWorker.runSuite(SuiteRunnerWorker.java:52)
at org.testng.SuiteRunnerWorker.run(SuiteRunnerWorker.java:95)
at org.testng.TestNG.runSuitesSequentially(TestNG.java:1301)
at org.testng.TestNG.runSuitesLocally(TestNG.java:1228)
at org.testng.TestNG.runSuites(TestNG.java:1134)
at org.testng.TestNG.run(TestNG.java:1101)
at org.testng.remote.AbstractRemoteTestNG.run(AbstractRemoteTestNG.java:115)
at org.testng.remote.RemoteTestNG.initAndRun(RemoteTestNG.java:293)
at org.testng.remote.RemoteTestNG.main(RemoteTestNG.java:91)
]]>
            </full-stacktrace>
          </exception> <!-- org.openqa.selenium.InvalidSelectorException -->
          <reporter-output>
          </reporter-output>
        </test-method> <!-- createContTest -->
        <test-method is-config="true" signature="configBM()[pri:0, instance:com.VTiger.crm.contacttest.ContactTest@45752059]" started-at="2024-10-05T13:08:34 IST" name="configBM" finished-at="2024-10-05T13:08:35 IST" duration-ms="958" status="PASS">
          <reporter-output>
          </reporter-output>
        </test-method> <!-- configBM -->
        <test-method is-config="true" signature="configAC()[pri:0, instance:com.VTiger.crm.contacttest.ContactTest@45752059]" started-at="2024-10-05T13:08:35 IST" name="configAC" finished-at="2024-10-05T13:08:36 IST" duration-ms="1263" status="PASS">
          <reporter-output>
          </reporter-output>
        </test-method> <!-- configAC -->
        <test-method is-config="true" signature="configBS()[pri:0, instance:com.VTiger.crm.contacttest.ContactTest@45752059]" started-at="2024-10-05T13:08:36 IST" name="configBS" finished-at="2024-10-05T13:08:36 IST" duration-ms="5" status="PASS">
          <reporter-output>
          </reporter-output>
        </test-method> <!-- configBS -->
      </class> <!-- com.VTiger.crm.contacttest.ContactTest -->
    </test> <!-- Default test -->
  </suite> <!-- Default suite -->
</testng-results>
