<?xml version="1.0" encoding="UTF-8"?>
<testng-results ignored="3" total="4" passed="1" failed="0" skipped="0">
  <reporter-output>
  </reporter-output>
  <suite started-at="2024-10-01T17:54:20 IST" name="Default suite" finished-at="2024-10-01T17:55:31 IST" duration-ms="70476">
    <groups>
      <group name="SmokeTest">
        <method signature="OrganisationTest.createOrgTest()[pri:0, instance:com.VTiger.crm.orgtest.OrganisationTest@8f4ea7c]" name="createOrgTest" class="com.VTiger.crm.orgtest.OrganisationTest"/>
      </group> <!-- SmokeTest -->
    </groups>
    <test started-at="2024-10-01T17:54:20 IST" name="Default test" finished-at="2024-10-01T17:55:31 IST" duration-ms="70476">
      <class name="com.VTiger.crm.orgtest.OrganisationTest">
        <test-method is-config="true" signature="configAS()[pri:0, instance:com.VTiger.crm.orgtest.OrganisationTest@8f4ea7c]" started-at="2024-10-01T17:54:20 IST" name="configAS" finished-at="2024-10-01T17:54:20 IST" duration-ms="779" status="PASS">
          <reporter-output>
          </reporter-output>
        </test-method> <!-- configAS -->
        <test-method is-config="true" signature="configBC()[pri:0, instance:com.VTiger.crm.orgtest.OrganisationTest@8f4ea7c]" started-at="2024-10-01T17:54:21 IST" name="configBC" finished-at="2024-10-01T17:54:28 IST" duration-ms="6969" status="PASS">
          <reporter-output>
          </reporter-output>
        </test-method> <!-- configBC -->
        <test-method is-config="true" signature="configAM()[pri:0, instance:com.VTiger.crm.orgtest.OrganisationTest@8f4ea7c]" started-at="2024-10-01T17:54:28 IST" name="configAM" finished-at="2024-10-01T17:54:43 IST" duration-ms="15314" status="PASS">
          <reporter-output>
          </reporter-output>
        </test-method> <!-- configAM -->
        <test-method signature="createOrgTest()[pri:0, instance:com.VTiger.crm.orgtest.OrganisationTest@8f4ea7c]" started-at="2024-10-01T17:54:43 IST" name="createOrgTest" finished-at="2024-10-01T17:55:26 IST" duration-ms="43125" status="PASS">
          <reporter-output>
          </reporter-output>
        </test-method> <!-- createOrgTest -->
        <test-method is-config="true" signature="configBM()[pri:0, instance:com.VTiger.crm.orgtest.OrganisationTest@8f4ea7c]" started-at="2024-10-01T17:55:26 IST" name="configBM" finished-at="2024-10-01T17:55:30 IST" duration-ms="3459" status="PASS">
          <reporter-output>
          </reporter-output>
        </test-method> <!-- configBM -->
        <test-method is-config="true" signature="configAC()[pri:0, instance:com.VTiger.crm.orgtest.OrganisationTest@8f4ea7c]" started-at="2024-10-01T17:55:30 IST" name="configAC" finished-at="2024-10-01T17:55:31 IST" duration-ms="1146" status="PASS">
          <reporter-output>
          </reporter-output>
        </test-method> <!-- configAC -->
        <test-method is-config="true" signature="configBS()[pri:0, instance:com.VTiger.crm.orgtest.OrganisationTest@8f4ea7c]" started-at="2024-10-01T17:55:32 IST" name="configBS" finished-at="2024-10-01T17:55:32 IST" duration-ms="2" status="PASS">
          <reporter-output>
          </reporter-output>
        </test-method> <!-- configBS -->
      </class> <!-- com.VTiger.crm.orgtest.OrganisationTest -->
    </test> <!-- Default test -->
  </suite> <!-- Default suite -->
</testng-results>
