<?xml version="1.0" encoding="UTF-8"?>
<!-- Generated by org.testng.reporters.JUnitXMLReporter -->
<testsuite ignored="0" hostname="DESKTOP-6P64TEG" failures="0" tests="3" name="Test2" time="73.895" errors="0" timestamp="2024-09-27T11:33:14 IST">
  <testcase classname="com.VTiger.crm.contacttest.ContactTest" name="createContTest" time="12.424"/>
  <testcase classname="com.VTiger.crm.contacttest.ContactTest" name="createContWithOrgTest" time="24.693"/>
  <testcase classname="com.VTiger.crm.contacttest.ContactTest" name="createContWithSupportDateTest" time="12.488"/>
</testsuite> <!-- Test2 -->
