<?xml version="1.0" encoding="UTF-8"?>
<!-- Generated by org.testng.reporters.JUnitXMLReporter -->
<testsuite ignored="0" hostname="DESKTOP-6P64TEG" failures="0" tests="4" name="Test1" time="64.058" errors="0" timestamp="2024-10-05T13:04:07 GMT+05:30">
  <testcase classname="com.VTiger.crm.orgtest.OrganisationTest" name="DeleteOrgTest" time="12.049"/>
  <testcase classname="com.VTiger.crm.orgtest.OrganisationTest" name="createOrgPhoneNoTest" time="9.224"/>
  <testcase classname="com.VTiger.crm.orgtest.OrganisationTest" name="createOrgTest" time="9.544"/>
  <testcase classname="com.VTiger.crm.orgtest.OrganisationTest" name="createOrgWithIndusTest" time="7.142"/>
</testsuite> <!-- Test1 -->
