<?xml version="1.0" encoding="UTF-8"?>
<!-- Generated by org.testng.reporters.JUnitXMLReporter -->
<testsuite ignored="0" hostname="DESKTOP-6P64TEG" failures="0" tests="3" name="Test2" time="55.989" errors="0" timestamp="2024-10-05T13:03:59 GMT+05:30">
  <testcase classname="com.VTiger.crm.contacttest.ContactTest" name="createContTest" time="9.22"/>
  <testcase classname="com.VTiger.crm.contacttest.ContactTest" name="createContWithOrgTest" time="19.036"/>
  <testcase classname="com.VTiger.crm.contacttest.ContactTest" name="createContWithSupportDateTest" time="8.815"/>
</testsuite> <!-- Test2 -->
